                                      1 ;--------------------------------------------------------
                                      2 ; File Created by SDCC : free open source ANSI-C Compiler
                                      3 ; Version 4.1.14 #12899 (MINGW32)
                                      4 ;--------------------------------------------------------
                                      5 	.module main
                                      6 	.optsdcc -mz80
                                      7 	
                                      8 ;--------------------------------------------------------
                                      9 ; Public variables in this module
                                     10 ;--------------------------------------------------------
                                     11 	.globl _main
                                     12 	.globl b_print_hello_rev
                                     13 	.globl _print_hello_rev
                                     14 	.globl b_print_hello
                                     15 	.globl _print_hello
                                     16 	.globl _chgmod
                                     17 ;--------------------------------------------------------
                                     18 ; special function registers
                                     19 ;--------------------------------------------------------
                                     20 ;--------------------------------------------------------
                                     21 ; ram data
                                     22 ;--------------------------------------------------------
                                     23 	.area _DATA
                                     24 ;--------------------------------------------------------
                                     25 ; ram data
                                     26 ;--------------------------------------------------------
                                     27 	.area _INITIALIZED
                                     28 ;--------------------------------------------------------
                                     29 ; absolute external ram data
                                     30 ;--------------------------------------------------------
                                     31 	.area _DABS (ABS)
                                     32 ;--------------------------------------------------------
                                     33 ; global & static initialisations
                                     34 ;--------------------------------------------------------
                                     35 	.area _HOME
                                     36 	.area _GSINIT
                                     37 	.area _GSFINAL
                                     38 	.area _GSINIT
                                     39 ;--------------------------------------------------------
                                     40 ; Home
                                     41 ;--------------------------------------------------------
                                     42 	.area _HOME
                                     43 	.area _HOME
                                     44 ;--------------------------------------------------------
                                     45 ; code
                                     46 ;--------------------------------------------------------
                                     47 	.area _BANK0
                                     48 ;..\src\main.c:3: void chgmod(char c) __naked {
                                     49 ;	---------------------------------
                                     50 ; Function chgmod
                                     51 ; ---------------------------------
      000000                         52 _chgmod::
                                     53 ;..\src\main.c:7: __endasm;
      000000 C3 5F 00         [10]   54 	jp	0x005f
                                     55 ;..\src\main.c:8: }
                                     56 ;..\src\main.c:10: void main() {
                                     57 ;	---------------------------------
                                     58 ; Function main
                                     59 ; ---------------------------------
      000003                         60 _main::
                                     61 ;..\src\main.c:11: chgmod(0);
      000003 AF               [ 4]   62 	xor	a, a
      000004 CDr00r00         [17]   63 	call	_chgmod
                                     64 ;..\src\main.c:12: print_hello();
      000007 1Er00            [ 7]   65 	ld	e, #b_print_hello
      000009 21r00r00         [10]   66 	ld	hl, #_print_hello
      00000C CDr00r00         [17]   67 	call	___sdcc_bcall_ehl
                                     68 ;..\src\main.c:13: print_hello_rev();
      00000F 1Er00            [ 7]   69 	ld	e, #b_print_hello_rev
      000011 21r00r00         [10]   70 	ld	hl, #_print_hello_rev
      000014 CDr00r00         [17]   71 	call	___sdcc_bcall_ehl
                                     72 ;..\src\main.c:14: while(1);
      000017                         73 00102$:
                                     74 ;..\src\main.c:15: }
      000017 C3r17r00         [10]   75 	jp	00102$
                                     76 	.area _BANK0
                                     77 	.area _INITIALIZER
                                     78 	.area _CABS (ABS)
